<?xml version="1.0" encoding="UTF-8"?>
<testsuite xmlns:xsi="http://www.w3.org/2001/XMLSchema-instance" xsi:noNamespaceSchemaLocation="https://maven.apache.org/surefire/maven-surefire-plugin/xsd/surefire-test-report-3.0.xsd" version="3.0" name="manytoone.TrungLySystemTest" time="11.869" tests="7" errors="0" skipped="0" failures="0">
  <properties>
[...]
</properties>
  <testcase name="createBill_success_returns201AndPersists" classname="manytoone.TrungLySystemTest" time="1.729">
    <system-out><![CDATA[
  .   ____          _            __ _ _
 /\\ / ___'_ __ _ _(_)_ __  __ _ \ \ \ \
( ( )\___ | '_ | '_| | '_ \/ _` | \ \ \ \
 \\/  ___)| |_)| | | | | || (_| |  ) ) ) )
  '  |____| .__|_| |_|_| |_\__, | / / / /
 =========|_|==============|___/=/_/_/_/
 :: Spring Boot ::                (v3.1.4)

2025-12-10T18:55:28.429-06:00  INFO 10191 --- [           main] manytoone.TrungLySystemTest              : Starting TrungLySystemTest using Java 21.0.3 with PID 10191 (started by trungquocly in /Users/trungquocly/3_hosen_3/Backend/springboot_manytoone)
2025-12-10T18:55:28.430-06:00  INFO 10191 --- [           main] manytoone.TrungLySystemTest              : No active profile set, falling back to 1 default profile: "default"
2025-12-10T18:55:29.097-06:00  INFO 10191 --- [           main] .s.d.r.c.RepositoryConfigurationDelegate : Bootstrapping Spring Data JPA repositories in DEFAULT mode.
2025-12-10T18:55:29.149-06:00  INFO 10191 --- [           main] .s.d.r.c.RepositoryConfigurationDelegate : Finished Spring Data repository scanning in 42 ms. Found 13 JPA repository interfaces.
2025-12-10T18:55:29.543-06:00  INFO 10191 --- [           main] o.s.b.w.embedded.tomcat.TomcatWebServer  : Tomcat initialized with port(s): 0 (http)
2025-12-10T18:55:29.551-06:00  INFO 10191 --- [           main] o.apache.catalina.core.StandardService   : Starting service [Tomcat]
2025-12-10T18:55:29.551-06:00  INFO 10191 --- [           main] o.apache.catalina.core.StandardEngine    : Starting Servlet engine: [Apache Tomcat/10.1.13]
2025-12-10T18:55:29.611-06:00  INFO 10191 --- [           main] o.a.c.c.C.[Tomcat].[localhost].[/]       : Initializing Spring embedded WebApplicationContext
2025-12-10T18:55:29.611-06:00  INFO 10191 --- [           main] w.s.c.ServletWebServerApplicationContext : Root WebApplicationContext: initialization completed in 1001 ms
2025-12-10T18:55:29.732-06:00  INFO 10191 --- [           main] o.hibernate.jpa.internal.util.LogHelper  : HHH000204: Processing PersistenceUnitInfo [name: default]
2025-12-10T18:55:29.775-06:00  INFO 10191 --- [           main] org.hibernate.Version                    : HHH000412: Hibernate ORM core version 6.2.9.Final
2025-12-10T18:55:29.777-06:00  INFO 10191 --- [           main] org.hibernate.cfg.Environment            : HHH000406: Using bytecode reflection optimizer
2025-12-10T18:55:29.878-06:00  INFO 10191 --- [           main] o.h.b.i.BytecodeProviderInitiator        : HHH000021: Bytecode provider name : bytebuddy
2025-12-10T18:55:29.987-06:00  INFO 10191 --- [           main] o.s.o.j.p.SpringPersistenceUnitInfo      : No LoadTimeWeaver setup: ignoring JPA class transformer
2025-12-10T18:55:30.002-06:00  INFO 10191 --- [           main] com.zaxxer.hikari.HikariDataSource       : HikariPool-1 - Starting...
2025-12-10T18:55:30.431-06:00  INFO 10191 --- [           main] com.zaxxer.hikari.pool.HikariPool        : HikariPool-1 - Added connection com.mysql.cj.jdbc.ConnectionImpl@24a2bb25
2025-12-10T18:55:30.434-06:00  INFO 10191 --- [           main] com.zaxxer.hikari.HikariDataSource       : HikariPool-1 - Start completed.
2025-12-10T18:55:30.515-06:00  WARN 10191 --- [           main] org.hibernate.dialect.Dialect            : HHH000511: The 5.5.0 version for [org.hibernate.dialect.MySQLDialect] is no longer supported, hence certain features may not work properly. The minimum supported version is 5.7.0. Check the community dialects project for available legacy versions.
2025-12-10T18:55:30.702-06:00  INFO 10191 --- [           main] o.h.b.i.BytecodeProviderInitiator        : HHH000021: Bytecode provider name : bytebuddy
2025-12-10T18:55:31.211-06:00  INFO 10191 --- [           main] o.h.e.t.j.p.i.JtaPlatformInitiator       : HHH000490: Using JtaPlatform implementation: [org.hibernate.engine.transaction.jta.platform.internal.NoJtaPlatform]
2025-12-10T18:55:34.475-06:00  INFO 10191 --- [           main] j.LocalContainerEntityManagerFactoryBean : Initialized JPA EntityManagerFactory for persistence unit 'default'
2025-12-10T18:55:34.717-06:00  INFO 10191 --- [           main] o.s.d.j.r.query.QueryEnhancerFactory     : Hibernate is in classpath; If applicable, HQL parser will be used.
2025-12-10T18:55:35.432-06:00  WARN 10191 --- [           main] JpaBaseConfiguration$JpaWebConfiguration : spring.jpa.open-in-view is enabled by default. Therefore, database queries may be performed during view rendering. Explicitly configure spring.jpa.open-in-view to disable this warning
2025-12-10T18:55:35.717-06:00  INFO 10191 --- [           main] o.s.b.w.embedded.tomcat.TomcatWebServer  : Tomcat started on port(s): 52352 (http) with context path ''
2025-12-10T18:55:35.724-06:00  INFO 10191 --- [           main] manytoone.TrungLySystemTest              : Started TrungLySystemTest in 7.485 seconds (process running for 8.255)
Hibernate: select u1_0.id from user u1_0 where u1_0.user_name=? limit ?
Test user already exists
2025-12-10T18:55:36.880-06:00  INFO 10191 --- [o-auto-1-exec-1] o.a.c.c.C.[Tomcat].[localhost].[/]       : Initializing Spring DispatcherServlet 'dispatcherServlet'
2025-12-10T18:55:36.880-06:00  INFO 10191 --- [o-auto-1-exec-1] o.s.web.servlet.DispatcherServlet        : Initializing Servlet 'dispatcherServlet'
2025-12-10T18:55:36.881-06:00  INFO 10191 --- [o-auto-1-exec-1] o.s.web.servlet.DispatcherServlet        : Completed initialization in 1 ms
Hibernate: insert into bills (bill_amount,bill_name,due_created,due_date,paid) values (?,?,?,?,?)
]]></system-out>
    <system-err><![CDATA[WARNING: A Java agent has been loaded dynamically (/Users/trungquocly/.m2/repository/net/bytebuddy/byte-buddy-agent/1.14.8/byte-buddy-agent-1.14.8.jar)
WARNING: If a serviceability tool is in use, please run with -XX:+EnableDynamicAgentLoading to hide this warning
WARNING: If a serviceability tool is not in use, please run with -Djdk.instrument.traceUsage for more information
WARNING: Dynamic loading of agents will be disallowed by default in a future release
]]></system-err>
  </testcase>
  <testcase name="updateBill_nonExistingId_returns404" classname="manytoone.TrungLySystemTest" time="0.186">
    <system-out><![CDATA[Hibernate: select b1_0.bill_id,b1_0.bill_amount,b1_0.bill_name,b1_0.due_created,b1_0.due_date,b1_0.paid from bills b1_0 where b1_0.bill_id=?
]]></system-out>
  </testcase>
  <testcase name="getBillById_existingId_returns200" classname="manytoone.TrungLySystemTest" time="0.357">
    <system-out><![CDATA[Hibernate: insert into bills (bill_amount,bill_name,due_created,due_date,paid) values (?,?,?,?,?)
Hibernate: select b1_0.bill_id,b1_0.bill_amount,b1_0.bill_name,b1_0.due_created,b1_0.due_date,b1_0.paid from bills b1_0 where b1_0.bill_id=?
]]></system-out>
  </testcase>
  <testcase name="updateBill_existingId_returns200WithUpdatedBody" classname="manytoone.TrungLySystemTest" time="0.591">
    <system-out><![CDATA[Hibernate: insert into bills (bill_amount,bill_name,due_created,due_date,paid) values (?,?,?,?,?)
Hibernate: select b1_0.bill_id,b1_0.bill_amount,b1_0.bill_name,b1_0.due_created,b1_0.due_date,b1_0.paid from bills b1_0 where b1_0.bill_id=?
Hibernate: update bills set bill_amount=?,bill_name=?,due_created=?,due_date=?,paid=? where bill_id=?
Hibernate: select b1_0.group_bill_id,b1_0.assigned_by,b1_0.bill_id,b1_0.created_at,b1_0.group_id,b1_0.notes,b1_0.resolved from group_bills b1_0 where b1_0.bill_id=?
]]></system-out>
  </testcase>
  <testcase name="getBillById_nonExistingId_returns404" classname="manytoone.TrungLySystemTest" time="0.164">
    <system-out><![CDATA[Hibernate: select b1_0.bill_id,b1_0.bill_amount,b1_0.bill_name,b1_0.due_created,b1_0.due_date,b1_0.paid from bills b1_0 where b1_0.bill_id=?
]]></system-out>
  </testcase>
  <testcase name="deleteBill_nonExistingId_returns404" classname="manytoone.TrungLySystemTest" time="0.166">
    <system-out><![CDATA[Hibernate: select count(*) from bills b1_0 where b1_0.bill_id=?
]]></system-out>
  </testcase>
  <testcase name="deleteBill_existingId_returns204" classname="manytoone.TrungLySystemTest" time="0.714">
    <system-out><![CDATA[Hibernate: insert into bills (bill_amount,bill_name,due_created,due_date,paid) values (?,?,?,?,?)
Hibernate: select count(*) from bills b1_0 where b1_0.bill_id=?
Hibernate: select b1_0.bill_id,b1_0.bill_amount,b1_0.bill_name,b1_0.due_created,b1_0.due_date,b1_0.paid from bills b1_0 where b1_0.bill_id=?
Hibernate: select b1_0.group_bill_id,b1_0.assigned_by,b1_0.bill_id,b1_0.created_at,b1_0.group_id,b1_0.notes,b1_0.resolved from group_bills b1_0 where b1_0.bill_id=?
Hibernate: delete from bills where bill_id=?
]]></system-out>
  </testcase>
</testsuite>