<?xml version="1.0" encoding="UTF-8"?>
<testsuite xmlns:xsi="http://www.w3.org/2001/XMLSchema-instance" xsi:noNamespaceSchemaLocation="https://maven.apache.org/surefire/maven-surefire-plugin/xsd/surefire-test-report-3.0.xsd" version="3.0" name="manytoone.PaymentSystemTest" time="7.373" tests="5" errors="0" skipped="0" failures="0">
  <properties>
[...]
</properties>
  <testcase name="getPaymentById_nonExistingId_returns404" classname="manytoone.PaymentSystemTest" time="0.341">
    <system-out><![CDATA[Hibernate: insert into bills (bill_amount,bill_name,due_created,due_date,paid) values (?,?,?,?,?)
Hibernate: select p1_0.payment_id,p1_0.amount,p1_0.bill_id,b1_0.bill_id,b1_0.bill_amount,b1_0.bill_name,b1_0.due_created,b1_0.due_date,b1_0.paid,p1_0.group_id,g1_0.group_id,g1_0.capacity,g1_0.group_name,g1_0.is_temporary,g1_0.join_code,p1_0.note,p1_0.paid_at,p2_0.id,p2_0.email_id,p2_0.if_active,p2_0.laptop_id,p2_0.name,p2_0.payment_method,p2_0.phone_number,p2_0.user_name,p2_0.user_password,p2_0.user_rating,p3_0.id,p3_0.email_id,p3_0.if_active,p3_0.laptop_id,p3_0.name,p3_0.payment_method,p3_0.phone_number,p3_0.user_name,p3_0.user_password,p3_0.user_rating from payments p1_0 join bills b1_0 on b1_0.bill_id=p1_0.bill_id join groups g1_0 on g1_0.group_id=p1_0.group_id left join user p2_0 on p2_0.id=p1_0.payee_id left join user p3_0 on p3_0.id=p1_0.payer_id where p1_0.payment_id=?
]]></system-out>
  </testcase>
  <testcase name="deletePayment_nonExistingId_returns404" classname="manytoone.PaymentSystemTest" time="0.351">
    <system-out><![CDATA[Hibernate: insert into bills (bill_amount,bill_name,due_created,due_date,paid) values (?,?,?,?,?)
Hibernate: select p1_0.payment_id,p1_0.amount,p1_0.bill_id,b1_0.bill_id,b1_0.bill_amount,b1_0.bill_name,b1_0.due_created,b1_0.due_date,b1_0.paid,p1_0.group_id,g1_0.group_id,g1_0.capacity,g1_0.group_name,g1_0.is_temporary,g1_0.join_code,p1_0.note,p1_0.paid_at,p2_0.id,p2_0.email_id,p2_0.if_active,p2_0.laptop_id,p2_0.name,p2_0.payment_method,p2_0.phone_number,p2_0.user_name,p2_0.user_password,p2_0.user_rating,p3_0.id,p3_0.email_id,p3_0.if_active,p3_0.laptop_id,p3_0.name,p3_0.payment_method,p3_0.phone_number,p3_0.user_name,p3_0.user_password,p3_0.user_rating from payments p1_0 join bills b1_0 on b1_0.bill_id=p1_0.bill_id join groups g1_0 on g1_0.group_id=p1_0.group_id left join user p2_0 on p2_0.id=p1_0.payee_id left join user p3_0 on p3_0.id=p1_0.payer_id where p1_0.payment_id=?
]]></system-out>
  </testcase>
  <testcase name="createPayment_andListPaymentsForBill_success" classname="manytoone.PaymentSystemTest" time="2.584">
    <system-out><![CDATA[Hibernate: insert into bills (bill_amount,bill_name,due_created,due_date,paid) values (?,?,?,?,?)
Hibernate: insert into groups (capacity,group_name,is_temporary,join_code) values (?,?,?,?)
Hibernate: insert into user (email_id,if_active,laptop_id,name,payment_method,phone_number,user_name,user_password,user_rating) values (?,?,?,?,?,?,?,?,?)
Hibernate: insert into user (email_id,if_active,laptop_id,name,payment_method,phone_number,user_name,user_password,user_rating) values (?,?,?,?,?,?,?,?,?)
Hibernate: select b1_0.bill_id,b1_0.bill_amount,b1_0.bill_name,b1_0.due_created,b1_0.due_date,b1_0.paid from bills b1_0 where b1_0.bill_id=?
Hibernate: select g1_0.group_id,g1_0.capacity,g1_0.group_name,g1_0.is_temporary,g1_0.join_code from groups g1_0 where g1_0.group_id=?
DEBUG payerId from JSON = 53
Hibernate: select u1_0.id,u1_0.email_id,u1_0.if_active,u1_0.laptop_id,u1_0.name,u1_0.payment_method,u1_0.phone_number,u1_0.user_name,u1_0.user_password,u1_0.user_rating from user u1_0 where u1_0.id=?
DEBUG payeeId from JSON = 54
Hibernate: select u1_0.id,u1_0.email_id,u1_0.if_active,u1_0.laptop_id,u1_0.name,u1_0.payment_method,u1_0.phone_number,u1_0.user_name,u1_0.user_password,u1_0.user_rating from user u1_0 where u1_0.id=?
Hibernate: insert into payments (amount,bill_id,group_id,note,paid_at,payee_id,payer_id) values (?,?,?,?,?,?,?)
Hibernate: select p1_0.payment_id,p1_0.amount,p1_0.bill_id,p1_0.group_id,p1_0.note,p1_0.paid_at,p1_0.payee_id,p1_0.payer_id from payments p1_0
Hibernate: select b1_0.bill_id,b1_0.bill_amount,b1_0.bill_name,b1_0.due_created,b1_0.due_date,b1_0.paid from bills b1_0 where b1_0.bill_id=?
Hibernate: select g1_0.group_id,g1_0.capacity,g1_0.group_name,g1_0.is_temporary,g1_0.join_code from groups g1_0 where g1_0.group_id=?
Hibernate: select u1_0.id,u1_0.email_id,u1_0.if_active,u1_0.laptop_id,u1_0.name,u1_0.payment_method,u1_0.phone_number,u1_0.user_name,u1_0.user_password,u1_0.user_rating from user u1_0 where u1_0.id=?
Hibernate: select u1_0.id,u1_0.email_id,u1_0.if_active,u1_0.laptop_id,u1_0.name,u1_0.payment_method,u1_0.phone_number,u1_0.user_name,u1_0.user_password,u1_0.user_rating from user u1_0 where u1_0.id=?
Hibernate: select b1_0.bill_id,b1_0.bill_amount,b1_0.bill_name,b1_0.due_created,b1_0.due_date,b1_0.paid from bills b1_0 where b1_0.bill_id=?
Hibernate: select g1_0.group_id,g1_0.capacity,g1_0.group_name,g1_0.is_temporary,g1_0.join_code from groups g1_0 where g1_0.group_id=?
Hibernate: select u1_0.id,u1_0.email_id,u1_0.if_active,u1_0.laptop_id,u1_0.name,u1_0.payment_method,u1_0.phone_number,u1_0.user_name,u1_0.user_password,u1_0.user_rating from user u1_0 where u1_0.id=?
Hibernate: select u1_0.id,u1_0.email_id,u1_0.if_active,u1_0.laptop_id,u1_0.name,u1_0.payment_method,u1_0.phone_number,u1_0.user_name,u1_0.user_password,u1_0.user_rating from user u1_0 where u1_0.id=?
Hibernate: select b1_0.bill_id,b1_0.bill_amount,b1_0.bill_name,b1_0.due_created,b1_0.due_date,b1_0.paid from bills b1_0 where b1_0.bill_id=?
Hibernate: select g1_0.group_id,g1_0.capacity,g1_0.group_name,g1_0.is_temporary,g1_0.join_code from groups g1_0 where g1_0.group_id=?
Hibernate: select u1_0.id,u1_0.email_id,u1_0.if_active,u1_0.laptop_id,u1_0.name,u1_0.payment_method,u1_0.phone_number,u1_0.user_name,u1_0.user_password,u1_0.user_rating from user u1_0 where u1_0.id=?
Hibernate: select u1_0.id,u1_0.email_id,u1_0.if_active,u1_0.laptop_id,u1_0.name,u1_0.payment_method,u1_0.phone_number,u1_0.user_name,u1_0.user_password,u1_0.user_rating from user u1_0 where u1_0.id=?
Hibernate: select b1_0.bill_id,b1_0.bill_amount,b1_0.bill_name,b1_0.due_created,b1_0.due_date,b1_0.paid from bills b1_0 where b1_0.bill_id=?
Hibernate: select g1_0.group_id,g1_0.capacity,g1_0.group_name,g1_0.is_temporary,g1_0.join_code from groups g1_0 where g1_0.group_id=?
Hibernate: select u1_0.id,u1_0.email_id,u1_0.if_active,u1_0.laptop_id,u1_0.name,u1_0.payment_method,u1_0.phone_number,u1_0.user_name,u1_0.user_password,u1_0.user_rating from user u1_0 where u1_0.id=?
Hibernate: select u1_0.id,u1_0.email_id,u1_0.if_active,u1_0.laptop_id,u1_0.name,u1_0.payment_method,u1_0.phone_number,u1_0.user_name,u1_0.user_password,u1_0.user_rating from user u1_0 where u1_0.id=?
]]></system-out>
  </testcase>
  <testcase name="getPaymentById_existingId_returns200" classname="manytoone.PaymentSystemTest" time="2.244">
    <system-out><![CDATA[Hibernate: insert into bills (bill_amount,bill_name,due_created,due_date,paid) values (?,?,?,?,?)
Hibernate: insert into groups (capacity,group_name,is_temporary,join_code) values (?,?,?,?)
Hibernate: insert into user (email_id,if_active,laptop_id,name,payment_method,phone_number,user_name,user_password,user_rating) values (?,?,?,?,?,?,?,?,?)
Hibernate: insert into user (email_id,if_active,laptop_id,name,payment_method,phone_number,user_name,user_password,user_rating) values (?,?,?,?,?,?,?,?,?)
Hibernate: select b1_0.bill_id,b1_0.bill_amount,b1_0.bill_name,b1_0.due_created,b1_0.due_date,b1_0.paid from bills b1_0 where b1_0.bill_id=?
Hibernate: select g1_0.group_id,g1_0.capacity,g1_0.group_name,g1_0.is_temporary,g1_0.join_code from groups g1_0 where g1_0.group_id=?
DEBUG payerId from JSON = 55
Hibernate: select u1_0.id,u1_0.email_id,u1_0.if_active,u1_0.laptop_id,u1_0.name,u1_0.payment_method,u1_0.phone_number,u1_0.user_name,u1_0.user_password,u1_0.user_rating from user u1_0 where u1_0.id=?
DEBUG payeeId from JSON = 56
Hibernate: select u1_0.id,u1_0.email_id,u1_0.if_active,u1_0.laptop_id,u1_0.name,u1_0.payment_method,u1_0.phone_number,u1_0.user_name,u1_0.user_password,u1_0.user_rating from user u1_0 where u1_0.id=?
Hibernate: insert into payments (amount,bill_id,group_id,note,paid_at,payee_id,payer_id) values (?,?,?,?,?,?,?)
Hibernate: select p1_0.payment_id,p1_0.amount,p1_0.bill_id,b1_0.bill_id,b1_0.bill_amount,b1_0.bill_name,b1_0.due_created,b1_0.due_date,b1_0.paid,p1_0.group_id,g1_0.group_id,g1_0.capacity,g1_0.group_name,g1_0.is_temporary,g1_0.join_code,p1_0.note,p1_0.paid_at,p2_0.id,p2_0.email_id,p2_0.if_active,p2_0.laptop_id,p2_0.name,p2_0.payment_method,p2_0.phone_number,p2_0.user_name,p2_0.user_password,p2_0.user_rating,p3_0.id,p3_0.email_id,p3_0.if_active,p3_0.laptop_id,p3_0.name,p3_0.payment_method,p3_0.phone_number,p3_0.user_name,p3_0.user_password,p3_0.user_rating from payments p1_0 join bills b1_0 on b1_0.bill_id=p1_0.bill_id join groups g1_0 on g1_0.group_id=p1_0.group_id left join user p2_0 on p2_0.id=p1_0.payee_id left join user p3_0 on p3_0.id=p1_0.payer_id where p1_0.payment_id=?
]]></system-out>
  </testcase>
  <testcase name="deletePayment_existingId_returns204" classname="manytoone.PaymentSystemTest" time="1.84">
    <system-out><![CDATA[Hibernate: insert into bills (bill_amount,bill_name,due_created,due_date,paid) values (?,?,?,?,?)
Hibernate: insert into groups (capacity,group_name,is_temporary,join_code) values (?,?,?,?)
Hibernate: insert into user (email_id,if_active,laptop_id,name,payment_method,phone_number,user_name,user_password,user_rating) values (?,?,?,?,?,?,?,?,?)
Hibernate: select b1_0.bill_id,b1_0.bill_amount,b1_0.bill_name,b1_0.due_created,b1_0.due_date,b1_0.paid from bills b1_0 where b1_0.bill_id=?
Hibernate: select g1_0.group_id,g1_0.capacity,g1_0.group_name,g1_0.is_temporary,g1_0.join_code from groups g1_0 where g1_0.group_id=?
DEBUG payerId from JSON = 57
Hibernate: select u1_0.id,u1_0.email_id,u1_0.if_active,u1_0.laptop_id,u1_0.name,u1_0.payment_method,u1_0.phone_number,u1_0.user_name,u1_0.user_password,u1_0.user_rating from user u1_0 where u1_0.id=?
Hibernate: insert into payments (amount,bill_id,group_id,note,paid_at,payee_id,payer_id) values (?,?,?,?,?,?,?)
Hibernate: select p1_0.payment_id,p1_0.amount,p1_0.bill_id,b1_0.bill_id,b1_0.bill_amount,b1_0.bill_name,b1_0.due_created,b1_0.due_date,b1_0.paid,p1_0.group_id,g1_0.group_id,g1_0.capacity,g1_0.group_name,g1_0.is_temporary,g1_0.join_code,p1_0.note,p1_0.paid_at,p2_0.id,p2_0.email_id,p2_0.if_active,p2_0.laptop_id,p2_0.name,p2_0.payment_method,p2_0.phone_number,p2_0.user_name,p2_0.user_password,p2_0.user_rating,p3_0.id,p3_0.email_id,p3_0.if_active,p3_0.laptop_id,p3_0.name,p3_0.payment_method,p3_0.phone_number,p3_0.user_name,p3_0.user_password,p3_0.user_rating from payments p1_0 join bills b1_0 on b1_0.bill_id=p1_0.bill_id join groups g1_0 on g1_0.group_id=p1_0.group_id left join user p2_0 on p2_0.id=p1_0.payee_id left join user p3_0 on p3_0.id=p1_0.payer_id where p1_0.payment_id=?
Hibernate: delete from payments where payment_id=?
Hibernate: select p1_0.payment_id,p1_0.amount,p1_0.bill_id,b1_0.bill_id,b1_0.bill_amount,b1_0.bill_name,b1_0.due_created,b1_0.due_date,b1_0.paid,p1_0.group_id,g1_0.group_id,g1_0.capacity,g1_0.group_name,g1_0.is_temporary,g1_0.join_code,p1_0.note,p1_0.paid_at,p2_0.id,p2_0.email_id,p2_0.if_active,p2_0.laptop_id,p2_0.name,p2_0.payment_method,p2_0.phone_number,p2_0.user_name,p2_0.user_password,p2_0.user_rating,p3_0.id,p3_0.email_id,p3_0.if_active,p3_0.laptop_id,p3_0.name,p3_0.payment_method,p3_0.phone_number,p3_0.user_name,p3_0.user_password,p3_0.user_rating from payments p1_0 join bills b1_0 on b1_0.bill_id=p1_0.bill_id join groups g1_0 on g1_0.group_id=p1_0.group_id left join user p2_0 on p2_0.id=p1_0.payee_id left join user p3_0 on p3_0.id=p1_0.payer_id where p1_0.payment_id=?
]]></system-out>
  </testcase>
</testsuite>